2018-08-08 22:06:39.365 [main] DEBUG o.s.b.logging.ClasspathLoggingApplicationListener - Application started with classpath: [file:/C:/Users/Administrator/git/blog-web/blog-web/target/classes/, file:/C:/Users/Administrator/.m2/repository/org/mybatis/spring/boot/mybatis-spring-boot-starter/1.3.0/mybatis-spring-boot-starter-1.3.0.jar, file:/C:/Users/Administrator/.m2/repository/org/springframework/boot/spring-boot-starter/1.4.2.RELEASE/spring-boot-starter-1.4.2.RELEASE.jar, file:/C:/Users/Administrator/.m2/repository/org/springframework/boot/spring-boot/1.4.2.RELEASE/spring-boot-1.4.2.RELEASE.jar, file:/C:/Users/Administrator/.m2/repository/org/springframework/boot/spring-boot-autoconfigure/1.4.2.RELEASE/spring-boot-autoconfigure-1.4.2.RELEASE.jar, file:/C:/Users/Administrator/.m2/repository/org/springframework/boot/spring-boot-starter-logging/1.4.2.RELEASE/spring-boot-starter-logging-1.4.2.RELEASE.jar, file:/C:/Users/Administrator/.m2/repository/ch/qos/logback/logback-classic/1.1.7/logback-classic-1.1.7.jar, file:/C:/Users/Administrator/.m2/repository/ch/qos/logback/logback-core/1.1.7/logback-core-1.1.7.jar, file:/C:/Users/Administrator/.m2/repository/org/slf4j/jcl-over-slf4j/1.7.21/jcl-over-slf4j-1.7.21.jar, file:/C:/Users/Administrator/.m2/repository/org/slf4j/jul-to-slf4j/1.7.21/jul-to-slf4j-1.7.21.jar, file:/C:/Users/Administrator/.m2/repository/org/slf4j/log4j-over-slf4j/1.7.21/log4j-over-slf4j-1.7.21.jar, file:/C:/Users/Administrator/.m2/repository/org/yaml/snakeyaml/1.17/snakeyaml-1.17.jar, file:/C:/Users/Administrator/.m2/repository/org/springframework/boot/spring-boot-starter-jdbc/1.4.2.RELEASE/spring-boot-starter-jdbc-1.4.2.RELEASE.jar, file:/C:/Users/Administrator/.m2/repository/org/apache/tomcat/tomcat-jdbc/8.5.6/tomcat-jdbc-8.5.6.jar, file:/C:/Users/Administrator/.m2/repository/org/apache/tomcat/tomcat-juli/8.5.6/tomcat-juli-8.5.6.jar, file:/C:/Users/Administrator/.m2/repository/org/springframework/spring-jdbc/4.3.4.RELEASE/spring-jdbc-4.3.4.RELEASE.jar, file:/C:/Users/Administrator/.m2/repository/org/springframework/spring-tx/4.3.4.RELEASE/spring-tx-4.3.4.RELEASE.jar, file:/C:/Users/Administrator/.m2/repository/org/mybatis/spring/boot/mybatis-spring-boot-autoconfigure/1.3.0/mybatis-spring-boot-autoconfigure-1.3.0.jar, file:/C:/Users/Administrator/.m2/repository/org/mybatis/mybatis/3.4.4/mybatis-3.4.4.jar, file:/C:/Users/Administrator/.m2/repository/org/mybatis/mybatis-spring/1.3.1/mybatis-spring-1.3.1.jar, file:/C:/Users/Administrator/.m2/repository/org/springframework/boot/spring-boot-starter-thymeleaf/1.4.2.RELEASE/spring-boot-starter-thymeleaf-1.4.2.RELEASE.jar, file:/C:/Users/Administrator/.m2/repository/org/thymeleaf/thymeleaf-spring4/2.1.5.RELEASE/thymeleaf-spring4-2.1.5.RELEASE.jar, file:/C:/Users/Administrator/.m2/repository/org/thymeleaf/thymeleaf/2.1.5.RELEASE/thymeleaf-2.1.5.RELEASE.jar, file:/C:/Users/Administrator/.m2/repository/ognl/ognl/3.0.8/ognl-3.0.8.jar, file:/C:/Users/Administrator/.m2/repository/org/javassist/javassist/3.20.0-GA/javassist-3.20.0-GA.jar, file:/C:/Users/Administrator/.m2/repository/org/unbescape/unbescape/1.1.0.RELEASE/unbescape-1.1.0.RELEASE.jar, file:/C:/Users/Administrator/.m2/repository/nz/net/ultraq/thymeleaf/thymeleaf-layout-dialect/1.4.0/thymeleaf-layout-dialect-1.4.0.jar, file:/C:/Users/Administrator/.m2/repository/org/codehaus/groovy/groovy/2.4.7/groovy-2.4.7.jar, file:/C:/Users/Administrator/.m2/repository/org/springframework/boot/spring-boot-starter-web/1.4.2.RELEASE/spring-boot-starter-web-1.4.2.RELEASE.jar, file:/C:/Users/Administrator/.m2/repository/org/springframework/boot/spring-boot-starter-tomcat/1.4.2.RELEASE/spring-boot-starter-tomcat-1.4.2.RELEASE.jar, file:/C:/Users/Administrator/.m2/repository/org/apache/tomcat/embed/tomcat-embed-core/8.5.6/tomcat-embed-core-8.5.6.jar, file:/C:/Users/Administrator/.m2/repository/org/apache/tomcat/embed/tomcat-embed-el/8.5.6/tomcat-embed-el-8.5.6.jar, file:/C:/Users/Administrator/.m2/repository/org/apache/tomcat/embed/tomcat-embed-websocket/8.5.6/tomcat-embed-websocket-8.5.6.jar, file:/C:/Users/Administrator/.m2/repository/org/hibernate/hibernate-validator/5.2.4.Final/hibernate-validator-5.2.4.Final.jar, file:/C:/Users/Administrator/.m2/repository/javax/validation/validation-api/1.1.0.Final/validation-api-1.1.0.Final.jar, file:/C:/Users/Administrator/.m2/repository/org/jboss/logging/jboss-logging/3.3.0.Final/jboss-logging-3.3.0.Final.jar, file:/C:/Users/Administrator/.m2/repository/com/fasterxml/classmate/1.3.3/classmate-1.3.3.jar, file:/C:/Users/Administrator/.m2/repository/com/fasterxml/jackson/core/jackson-databind/2.8.4/jackson-databind-2.8.4.jar, file:/C:/Users/Administrator/.m2/repository/com/fasterxml/jackson/core/jackson-annotations/2.8.4/jackson-annotations-2.8.4.jar, file:/C:/Users/Administrator/.m2/repository/com/fasterxml/jackson/core/jackson-core/2.8.4/jackson-core-2.8.4.jar, file:/C:/Users/Administrator/.m2/repository/org/springframework/spring-web/4.3.4.RELEASE/spring-web-4.3.4.RELEASE.jar, file:/C:/Users/Administrator/.m2/repository/org/springframework/spring-aop/4.3.4.RELEASE/spring-aop-4.3.4.RELEASE.jar, file:/C:/Users/Administrator/.m2/repository/org/springframework/spring-beans/4.3.4.RELEASE/spring-beans-4.3.4.RELEASE.jar, file:/C:/Users/Administrator/.m2/repository/org/springframework/spring-context/4.3.4.RELEASE/spring-context-4.3.4.RELEASE.jar, file:/C:/Users/Administrator/.m2/repository/org/springframework/spring-webmvc/4.3.4.RELEASE/spring-webmvc-4.3.4.RELEASE.jar, file:/C:/Users/Administrator/.m2/repository/org/springframework/spring-expression/4.3.4.RELEASE/spring-expression-4.3.4.RELEASE.jar, file:/C:/Users/Administrator/.m2/repository/junit/junit/4.12/junit-4.12.jar, file:/C:/Users/Administrator/.m2/repository/org/hamcrest/hamcrest-core/1.3/hamcrest-core-1.3.jar, file:/C:/Users/Administrator/.m2/repository/org/springframework/spring-core/4.3.4.RELEASE/spring-core-4.3.4.RELEASE.jar, file:/C:/Users/Administrator/.m2/repository/net/sourceforge/nekohtml/nekohtml/1.9.22/nekohtml-1.9.22.jar, file:/C:/Users/Administrator/.m2/repository/xerces/xercesImpl/2.11.0/xercesImpl-2.11.0.jar, file:/C:/Users/Administrator/.m2/repository/xml-apis/xml-apis/1.4.01/xml-apis-1.4.01.jar, file:/C:/Users/Administrator/.m2/repository/mysql/mysql-connector-java/5.1.40/mysql-connector-java-5.1.40.jar, file:/C:/Users/Administrator/.m2/repository/org/mybatis/generator/mybatis-generator-maven-plugin/1.3.2/mybatis-generator-maven-plugin-1.3.2.jar, file:/C:/Users/Administrator/.m2/repository/org/apache/maven/maven-plugin-api/3.0.4/maven-plugin-api-3.0.4.jar, file:/C:/Users/Administrator/.m2/repository/org/apache/maven/maven-model/3.0.4/maven-model-3.0.4.jar, file:/C:/Users/Administrator/.m2/repository/org/apache/maven/maven-artifact/3.0.4/maven-artifact-3.0.4.jar, file:/C:/Users/Administrator/.m2/repository/org/sonatype/sisu/sisu-inject-plexus/2.3.0/sisu-inject-plexus-2.3.0.jar, file:/C:/Users/Administrator/.m2/repository/org/codehaus/plexus/plexus-component-annotations/1.5.5/plexus-component-annotations-1.5.5.jar, file:/C:/Users/Administrator/.m2/repository/org/codehaus/plexus/plexus-classworlds/2.4/plexus-classworlds-2.4.jar, file:/C:/Users/Administrator/.m2/repository/org/sonatype/sisu/sisu-inject-bean/2.3.0/sisu-inject-bean-2.3.0.jar, file:/C:/Users/Administrator/.m2/repository/org/sonatype/sisu/sisu-guice/3.1.0/sisu-guice-3.1.0-no_aop.jar, file:/C:/Users/Administrator/.m2/repository/org/sonatype/sisu/sisu-guava/0.9.9/sisu-guava-0.9.9.jar, file:/C:/Users/Administrator/.m2/repository/org/sonatype/sisu/inject/guice-bean-containers/2.3.0/guice-bean-containers-2.3.0.jar, file:/C:/Users/Administrator/.m2/repository/org/sonatype/sisu/inject/guice-bean-inject/2.3.0/guice-bean-inject-2.3.0.jar, file:/C:/Users/Administrator/.m2/repository/org/sonatype/sisu/inject/guice-plexus-shim/2.3.0/guice-plexus-shim-2.3.0.jar, file:/C:/Users/Administrator/.m2/repository/javax/inject/javax.inject/1/javax.inject-1.jar, file:/C:/Users/Administrator/.m2/repository/org/sonatype/sisu/sisu-guice/3.1.0/sisu-guice-3.1.0.jar, file:/C:/Users/Administrator/.m2/repository/aopalliance/aopalliance/1.0/aopalliance-1.0.jar, file:/C:/Users/Administrator/.m2/repository/org/sonatype/sisu/inject/guice-bean-reflect/2.3.0/guice-bean-reflect-2.3.0.jar, file:/C:/Users/Administrator/.m2/repository/org/sonatype/sisu/inject/guice-bean-locators/2.3.0/guice-bean-locators-2.3.0.jar, file:/C:/Users/Administrator/.m2/repository/org/sonatype/sisu/inject/guice-bean-binders/2.3.0/guice-bean-binders-2.3.0.jar, file:/C:/Users/Administrator/.m2/repository/javax/enterprise/cdi-api/1.0/cdi-api-1.0.jar, file:/C:/Users/Administrator/.m2/repository/javax/annotation/jsr250-api/1.0/jsr250-api-1.0.jar, file:/C:/Users/Administrator/.m2/repository/org/sonatype/sisu/inject/guice-bean-scanners/2.3.0/guice-bean-scanners-2.3.0.jar, file:/C:/Users/Administrator/.m2/repository/org/sonatype/sisu/inject/guice-bean-converters/2.3.0/guice-bean-converters-2.3.0.jar, file:/C:/Users/Administrator/.m2/repository/org/sonatype/sisu/inject/guice-plexus-metadata/2.3.0/guice-plexus-metadata-2.3.0.jar, file:/C:/Users/Administrator/.m2/repository/org/sonatype/sisu/inject/guice-plexus-converters/2.3.0/guice-plexus-converters-2.3.0.jar, file:/C:/Users/Administrator/.m2/repository/org/sonatype/sisu/inject/guice-plexus-locators/2.3.0/guice-plexus-locators-2.3.0.jar, file:/C:/Users/Administrator/.m2/repository/org/sonatype/sisu/inject/guice-plexus-binders/2.3.0/guice-plexus-binders-2.3.0.jar, file:/C:/Users/Administrator/.m2/repository/org/sonatype/sisu/inject/guice-plexus-scanners/2.3.0/guice-plexus-scanners-2.3.0.jar, file:/C:/Users/Administrator/.m2/repository/org/sonatype/sisu/inject/guice-plexus-lifecycles/2.3.0/guice-plexus-lifecycles-2.3.0.jar, file:/C:/Users/Administrator/.m2/repository/org/mybatis/generator/mybatis-generator-core/1.3.2/mybatis-generator-core-1.3.2.jar, file:/C:/Users/Administrator/.m2/repository/org/apache/maven/maven-project/3.0-alpha-2/maven-project-3.0-alpha-2.jar, file:/C:/Users/Administrator/.m2/repository/org/codehaus/plexus/plexus-utils/1.5.6/plexus-utils-1.5.6.jar, file:/C:/Users/Administrator/.m2/repository/org/codehaus/plexus/plexus-interpolation/1.1/plexus-interpolation-1.1.jar, file:/C:/Users/Administrator/.m2/repository/org/apache/maven/maven-compat/3.0-alpha-2/maven-compat-3.0-alpha-2.jar, file:/C:/Users/Administrator/.m2/repository/org/apache/maven/wagon/wagon-provider-api/1.0-beta-4/wagon-provider-api-1.0-beta-4.jar, file:/C:/Users/Administrator/.m2/repository/org/codehaus/plexus/plexus-container-default/1.0-beta-3.0.5/plexus-container-default-1.0-beta-3.0.5.jar, file:/C:/Users/Administrator/.m2/repository/org/apache/xbean/xbean-reflect/3.4/xbean-reflect-3.4.jar, file:/C:/Users/Administrator/.m2/repository/commons-logging/commons-logging-api/1.1/commons-logging-api-1.1.jar, file:/C:/Users/Administrator/.m2/repository/com/google/code/google-collections/google-collect/snapshot-20080530/google-collect-snapshot-20080530.jar, file:/C:/Users/Administrator/.m2/repository/org/codehaus/woodstox/wstx-asl/3.2.6/wstx-asl-3.2.6.jar, file:/C:/Users/Administrator/.m2/repository/stax/stax-api/1.0.1/stax-api-1.0.1.jar, file:/C:/Users/Administrator/.m2/repository/org/sonatype/spice/model-builder/1.3/model-builder-1.3.jar, file:/C:/Users/Administrator/.m2/repository/org/apache/maven/maven-project-builder/3.0-alpha-2/maven-project-builder-3.0-alpha-2.jar, file:/C:/Users/Administrator/.m2/repository/org/projectlombok/lombok/1.16.10/lombok-1.16.10.jar, file:/C:/Users/Administrator/.m2/repository/net/sf/ehcache/ehcache-core/2.2.0/ehcache-core-2.2.0.jar, file:/C:/Users/Administrator/.m2/repository/org/slf4j/slf4j-api/1.7.21/slf4j-api-1.7.21.jar]
2018-08-08 22:06:39.521 [main] INFO  com.blog.WebStart - Starting WebStart on MS-20180208TCDR with PID 4856 (C:\Users\Administrator\git\blog-web\blog-web\target\classes started by Administrator in C:\Users\Administrator\git\blog-web\blog-web)
2018-08-08 22:06:39.522 [main] INFO  com.blog.WebStart - The following profiles are active: dev
2018-08-08 22:06:39.522 [main] DEBUG org.springframework.boot.SpringApplication - Loading source class com.blog.WebStart
2018-08-08 22:06:39.768 [background-preinit] INFO  org.hibernate.validator.internal.util.Version - HV000001: Hibernate Validator 5.2.4.Final
2018-08-08 22:06:39.988 [main] DEBUG o.s.b.context.config.ConfigFileApplicationListener - Activated profiles dev
2018-08-08 22:06:39.988 [main] DEBUG o.s.b.context.config.ConfigFileApplicationListener - Loaded config file 'file:/C:/Users/Administrator/git/blog-web/blog-web/target/classes/application.properties' (classpath:/application.properties)
2018-08-08 22:06:39.988 [main] DEBUG o.s.b.context.config.ConfigFileApplicationListener - Loaded config file 'file:/C:/Users/Administrator/git/blog-web/blog-web/target/classes/application-dev.properties' (classpath:/application-dev.properties)
2018-08-08 22:06:39.988 [main] DEBUG o.s.b.context.config.ConfigFileApplicationListener - Skipped (empty) config file 'file:/C:/Users/Administrator/git/blog-web/blog-web/target/classes/application-dev.properties' (classpath:/application-dev.properties) for profile dev
2018-08-08 22:06:39.988 [main] DEBUG o.s.b.context.config.ConfigFileApplicationListener - Skipped (empty) config file 'file:/C:/Users/Administrator/git/blog-web/blog-web/target/classes/application.properties' (classpath:/application.properties) for profile dev
2018-08-08 22:06:39.989 [main] INFO  o.s.b.c.e.AnnotationConfigEmbeddedWebApplicationContext - Refreshing org.springframework.boot.context.embedded.AnnotationConfigEmbeddedWebApplicationContext@1ecee32c: startup date [Wed Aug 08 22:06:39 GMT+08:00 2018]; root of context hierarchy
2018-08-08 22:06:40.014 [main] DEBUG o.s.b.c.e.AnnotationConfigEmbeddedWebApplicationContext - Bean factory for org.springframework.boot.context.embedded.AnnotationConfigEmbeddedWebApplicationContext@1ecee32c: org.springframework.beans.factory.support.DefaultListableBeanFactory@3c291aad: defining beans [org.springframework.context.annotation.internalConfigurationAnnotationProcessor,org.springframework.context.annotation.internalAutowiredAnnotationProcessor,org.springframework.context.annotation.internalRequiredAnnotationProcessor,org.springframework.context.annotation.internalCommonAnnotationProcessor,org.springframework.context.event.internalEventListenerProcessor,org.springframework.context.event.internalEventListenerFactory,webStart]; root of factory hierarchy
2018-08-08 22:06:41.308 [main] DEBUG o.s.boot.autoconfigure.AutoConfigurationPackages - @EnableAutoConfiguration was declared on a class in the package 'com.blog'. Automatic @Repository and @Entity scanning is enabled.
2018-08-08 22:06:41.319 [main] WARN  org.mybatis.spring.mapper.ClassPathMapperScanner - No MyBatis mapper was found in '[com.blog]' package. Please check your configuration.
2018-08-08 22:06:41.699 [main] INFO  o.s.b.f.a.AutowiredAnnotationBeanPostProcessor - JSR-330 'javax.inject.Inject' annotation found and supported for autowiring
2018-08-08 22:06:41.783 [main] INFO  o.s.c.s.PostProcessorRegistrationDelegate$BeanPostProcessorChecker - Bean 'org.springframework.transaction.annotation.ProxyTransactionManagementConfiguration' of type [class org.springframework.transaction.annotation.ProxyTransactionManagementConfiguration$$EnhancerBySpringCGLIB$$448370a] is not eligible for getting processed by all BeanPostProcessors (for example: not eligible for auto-proxying)
2018-08-08 22:06:41.847 [main] DEBUG o.s.b.c.e.AnnotationConfigEmbeddedWebApplicationContext - Unable to locate MessageSource with name 'messageSource': using default [org.springframework.context.support.DelegatingMessageSource@67c5ac52]
2018-08-08 22:06:41.848 [main] DEBUG o.s.b.c.e.AnnotationConfigEmbeddedWebApplicationContext - Unable to locate ApplicationEventMulticaster with name 'applicationEventMulticaster': using default [org.springframework.context.event.SimpleApplicationEventMulticaster@36417a54]
2018-08-08 22:06:42.638 [main] DEBUG o.s.b.c.e.t.TomcatEmbeddedServletContainerFactory - Code archive: C:\Users\Administrator\.m2\repository\org\springframework\boot\spring-boot\1.4.2.RELEASE\spring-boot-1.4.2.RELEASE.jar
2018-08-08 22:06:42.639 [main] DEBUG o.s.b.c.e.t.TomcatEmbeddedServletContainerFactory - Code archive: C:\Users\Administrator\.m2\repository\org\springframework\boot\spring-boot\1.4.2.RELEASE\spring-boot-1.4.2.RELEASE.jar
2018-08-08 22:06:42.639 [main] DEBUG o.s.b.c.e.t.TomcatEmbeddedServletContainerFactory - None of the document roots [src/main/webapp, public, static] point to a directory and will be ignored.
2018-08-08 22:06:42.705 [main] INFO  o.s.b.c.e.tomcat.TomcatEmbeddedServletContainer - Tomcat initialized with port(s): 8081 (http)
2018-08-08 22:06:42.719 [main] INFO  org.apache.catalina.core.StandardService - Starting service Tomcat
2018-08-08 22:06:42.721 [main] INFO  org.apache.catalina.core.StandardEngine - Starting Servlet Engine: Apache Tomcat/8.5.6
2018-08-08 22:06:42.862 [localhost-startStop-1] INFO  o.a.c.core.ContainerBase.[Tomcat].[localhost].[/] - Initializing Spring embedded WebApplicationContext
2018-08-08 22:06:42.863 [localhost-startStop-1] INFO  org.springframework.web.context.ContextLoader - Root WebApplicationContext: initialization completed in 2874 ms
2018-08-08 22:06:43.022 [localhost-startStop-1] DEBUG o.s.b.web.servlet.ServletContextInitializerBeans - Added existing Servlet initializer bean 'dispatcherServletRegistration'; order=2147483647, resource=class path resource [org/springframework/boot/autoconfigure/web/DispatcherServletAutoConfiguration$DispatcherServletRegistrationConfiguration.class]
2018-08-08 22:06:43.095 [localhost-startStop-1] DEBUG o.s.b.web.servlet.ServletContextInitializerBeans - Created Filter initializer for bean 'characterEncodingFilter'; order=-2147483648, resource=class path resource [org/springframework/boot/autoconfigure/web/HttpEncodingAutoConfiguration.class]
2018-08-08 22:06:43.095 [localhost-startStop-1] DEBUG o.s.b.web.servlet.ServletContextInitializerBeans - Created Filter initializer for bean 'hiddenHttpMethodFilter'; order=-10000, resource=class path resource [org/springframework/boot/autoconfigure/web/WebMvcAutoConfiguration.class]
2018-08-08 22:06:43.095 [localhost-startStop-1] DEBUG o.s.b.web.servlet.ServletContextInitializerBeans - Created Filter initializer for bean 'httpPutFormContentFilter'; order=-9900, resource=class path resource [org/springframework/boot/autoconfigure/web/WebMvcAutoConfiguration.class]
2018-08-08 22:06:43.095 [localhost-startStop-1] DEBUG o.s.b.web.servlet.ServletContextInitializerBeans - Created Filter initializer for bean 'requestContextFilter'; order=-105, resource=class path resource [org/springframework/boot/autoconfigure/web/WebMvcAutoConfiguration$WebMvcAutoConfigurationAdapter.class]
2018-08-08 22:06:43.101 [localhost-startStop-1] INFO  o.s.boot.web.servlet.ServletRegistrationBean - Mapping servlet: 'dispatcherServlet' to [/]
2018-08-08 22:06:43.110 [localhost-startStop-1] INFO  o.s.boot.web.servlet.FilterRegistrationBean - Mapping filter: 'characterEncodingFilter' to: [/*]
2018-08-08 22:06:43.111 [localhost-startStop-1] INFO  o.s.boot.web.servlet.FilterRegistrationBean - Mapping filter: 'hiddenHttpMethodFilter' to: [/*]
2018-08-08 22:06:43.111 [localhost-startStop-1] INFO  o.s.boot.web.servlet.FilterRegistrationBean - Mapping filter: 'httpPutFormContentFilter' to: [/*]
2018-08-08 22:06:43.112 [localhost-startStop-1] INFO  o.s.boot.web.servlet.FilterRegistrationBean - Mapping filter: 'requestContextFilter' to: [/*]
2018-08-08 22:06:43.141 [localhost-startStop-1] DEBUG o.s.boot.web.filter.OrderedRequestContextFilter - Initializing filter 'requestContextFilter'
2018-08-08 22:06:43.143 [localhost-startStop-1] DEBUG o.s.boot.web.filter.OrderedRequestContextFilter - Filter 'requestContextFilter' configured successfully
2018-08-08 22:06:43.144 [localhost-startStop-1] DEBUG o.s.b.web.filter.OrderedHttpPutFormContentFilter - Initializing filter 'httpPutFormContentFilter'
2018-08-08 22:06:43.144 [localhost-startStop-1] DEBUG o.s.b.web.filter.OrderedHttpPutFormContentFilter - Filter 'httpPutFormContentFilter' configured successfully
2018-08-08 22:06:43.144 [localhost-startStop-1] DEBUG o.s.boot.web.filter.OrderedHiddenHttpMethodFilter - Initializing filter 'hiddenHttpMethodFilter'
2018-08-08 22:06:43.144 [localhost-startStop-1] DEBUG o.s.boot.web.filter.OrderedHiddenHttpMethodFilter - Filter 'hiddenHttpMethodFilter' configured successfully
2018-08-08 22:06:43.145 [localhost-startStop-1] DEBUG o.s.boot.web.filter.OrderedCharacterEncodingFilter - Initializing filter 'characterEncodingFilter'
2018-08-08 22:06:43.145 [localhost-startStop-1] DEBUG o.s.boot.web.filter.OrderedCharacterEncodingFilter - Filter 'characterEncodingFilter' configured successfully
2018-08-08 22:06:43.568 [main] INFO  o.s.w.s.m.m.a.RequestMappingHandlerAdapter - Looking for @ControllerAdvice: org.springframework.boot.context.embedded.AnnotationConfigEmbeddedWebApplicationContext@1ecee32c: startup date [Wed Aug 08 22:06:39 GMT+08:00 2018]; root of context hierarchy
2018-08-08 22:06:43.664 [main] INFO  o.s.w.s.m.m.a.RequestMappingHandlerMapping - Mapped "{[],methods=[GET]}" onto public java.lang.String com.blog.controller.core.IndexController.index()
2018-08-08 22:06:43.667 [main] INFO  o.s.w.s.m.m.a.RequestMappingHandlerMapping - Mapped "{[/register],methods=[GET]}" onto public java.lang.String com.blog.controller.core.RegisterController.register()
2018-08-08 22:06:43.672 [main] INFO  o.s.w.s.m.m.a.RequestMappingHandlerMapping - Mapped "{[/error]}" onto public org.springframework.http.ResponseEntity<java.util.Map<java.lang.String, java.lang.Object>> org.springframework.boot.autoconfigure.web.BasicErrorController.error(javax.servlet.http.HttpServletRequest)
2018-08-08 22:06:43.673 [main] INFO  o.s.w.s.m.m.a.RequestMappingHandlerMapping - Mapped "{[/error],produces=[text/html]}" onto public org.springframework.web.servlet.ModelAndView org.springframework.boot.autoconfigure.web.BasicErrorController.errorHtml(javax.servlet.http.HttpServletRequest,javax.servlet.http.HttpServletResponse)
2018-08-08 22:06:43.728 [main] INFO  o.s.web.servlet.handler.SimpleUrlHandlerMapping - Mapped URL path [/webjars/**] onto handler of type [class org.springframework.web.servlet.resource.ResourceHttpRequestHandler]
2018-08-08 22:06:43.736 [main] INFO  o.s.web.servlet.handler.SimpleUrlHandlerMapping - Mapped URL path [/**] onto handler of type [class org.springframework.web.servlet.resource.ResourceHttpRequestHandler]
2018-08-08 22:06:45.589 [main] INFO  o.s.jmx.export.annotation.AnnotationMBeanExporter - Registering beans for JMX exposure on startup
2018-08-08 22:06:45.598 [main] DEBUG o.s.b.c.e.AnnotationConfigEmbeddedWebApplicationContext - Unable to locate LifecycleProcessor with name 'lifecycleProcessor': using default [org.springframework.context.support.DefaultLifecycleProcessor@47569167]
2018-08-08 22:06:45.610 [main] INFO  org.apache.coyote.http11.Http11NioProtocol - Initializing ProtocolHandler ["http-nio-8081"]
2018-08-08 22:06:45.627 [main] INFO  org.apache.coyote.http11.Http11NioProtocol - Starting ProtocolHandler [http-nio-8081]
2018-08-08 22:06:45.650 [main] INFO  org.apache.tomcat.util.net.NioSelectorPool - Using a shared selector for servlet write/read
2018-08-08 22:06:45.681 [main] INFO  o.s.b.c.e.tomcat.TomcatEmbeddedServletContainer - Tomcat started on port(s): 8081 (http)
2018-08-08 22:06:45.686 [main] INFO  com.blog.WebStart - Started WebStart in 6.727 seconds (JVM running for 7.739)
2018-08-08 22:07:06.777 [http-nio-8081-exec-1] INFO  o.a.c.core.ContainerBase.[Tomcat].[localhost].[/] - Initializing Spring FrameworkServlet 'dispatcherServlet'
2018-08-08 22:07:06.778 [http-nio-8081-exec-1] INFO  org.springframework.web.servlet.DispatcherServlet - FrameworkServlet 'dispatcherServlet': initialization started
2018-08-08 22:07:06.806 [http-nio-8081-exec-1] INFO  org.springframework.web.servlet.DispatcherServlet - FrameworkServlet 'dispatcherServlet': initialization completed in 27 ms
2018-08-08 22:07:06.830 [http-nio-8081-exec-1] DEBUG o.s.boot.web.filter.OrderedRequestContextFilter - Bound request context to thread: org.apache.catalina.connector.RequestFacade@7faba102
2018-08-08 22:07:07.042 [http-nio-8081-exec-1] DEBUG o.s.boot.web.filter.OrderedRequestContextFilter - Cleared thread-bound request context: org.apache.catalina.connector.RequestFacade@7faba102
2018-08-08 22:07:17.681 [http-nio-8081-exec-2] DEBUG o.s.boot.web.filter.OrderedRequestContextFilter - Bound request context to thread: org.apache.catalina.connector.RequestFacade@7faba102
2018-08-08 22:07:17.688 [http-nio-8081-exec-2] DEBUG o.s.boot.web.filter.OrderedRequestContextFilter - Cleared thread-bound request context: org.apache.catalina.connector.RequestFacade@7faba102
2018-08-08 22:07:17.718 [http-nio-8081-exec-3] DEBUG o.s.boot.web.filter.OrderedRequestContextFilter - Bound request context to thread: org.apache.catalina.connector.RequestFacade@7faba102
2018-08-08 22:07:17.781 [http-nio-8081-exec-3] DEBUG o.s.boot.web.filter.OrderedRequestContextFilter - Cleared thread-bound request context: org.apache.catalina.connector.RequestFacade@7faba102
2018-08-08 22:07:25.269 [http-nio-8081-exec-4] DEBUG o.s.boot.web.filter.OrderedRequestContextFilter - Bound request context to thread: org.apache.catalina.connector.RequestFacade@7faba102
2018-08-08 22:07:25.275 [http-nio-8081-exec-4] DEBUG o.s.boot.web.filter.OrderedRequestContextFilter - Cleared thread-bound request context: org.apache.catalina.connector.RequestFacade@7faba102
2018-08-08 22:07:25.300 [http-nio-8081-exec-5] DEBUG o.s.boot.web.filter.OrderedRequestContextFilter - Bound request context to thread: org.apache.catalina.connector.RequestFacade@7faba102
2018-08-08 22:07:25.315 [http-nio-8081-exec-5] DEBUG o.s.boot.web.filter.OrderedRequestContextFilter - Cleared thread-bound request context: org.apache.catalina.connector.RequestFacade@7faba102
2018-08-08 22:15:18.717 [http-nio-8081-exec-7] DEBUG o.s.boot.web.filter.OrderedRequestContextFilter - Bound request context to thread: org.apache.catalina.connector.RequestFacade@7faba102
2018-08-08 22:15:18.723 [http-nio-8081-exec-7] DEBUG o.s.boot.web.filter.OrderedRequestContextFilter - Cleared thread-bound request context: org.apache.catalina.connector.RequestFacade@7faba102
2018-08-08 22:15:18.744 [http-nio-8081-exec-9] DEBUG o.s.boot.web.filter.OrderedRequestContextFilter - Bound request context to thread: org.apache.catalina.connector.RequestFacade@4450c743
2018-08-08 22:15:18.747 [http-nio-8081-exec-8] DEBUG o.s.boot.web.filter.OrderedRequestContextFilter - Bound request context to thread: org.apache.catalina.connector.RequestFacade@7faba102
2018-08-08 22:15:18.747 [http-nio-8081-exec-9] DEBUG o.s.boot.web.filter.OrderedRequestContextFilter - Cleared thread-bound request context: org.apache.catalina.connector.RequestFacade@4450c743
2018-08-08 22:15:18.754 [http-nio-8081-exec-8] DEBUG o.s.boot.web.filter.OrderedRequestContextFilter - Cleared thread-bound request context: org.apache.catalina.connector.RequestFacade@7faba102
2018-08-08 22:15:18.764 [http-nio-8081-exec-10] DEBUG o.s.boot.web.filter.OrderedRequestContextFilter - Bound request context to thread: org.apache.catalina.connector.RequestFacade@7faba102
2018-08-08 22:15:18.769 [http-nio-8081-exec-10] DEBUG o.s.boot.web.filter.OrderedRequestContextFilter - Cleared thread-bound request context: org.apache.catalina.connector.RequestFacade@7faba102
2018-08-08 22:17:13.283 [http-nio-8081-exec-3] DEBUG o.s.boot.web.filter.OrderedRequestContextFilter - Bound request context to thread: org.apache.catalina.connector.RequestFacade@7faba102
2018-08-08 22:17:13.287 [http-nio-8081-exec-3] DEBUG o.s.boot.web.filter.OrderedRequestContextFilter - Cleared thread-bound request context: org.apache.catalina.connector.RequestFacade@7faba102
2018-08-08 22:17:13.303 [http-nio-8081-exec-4] DEBUG o.s.boot.web.filter.OrderedRequestContextFilter - Bound request context to thread: org.apache.catalina.connector.RequestFacade@7faba102
2018-08-08 22:17:13.306 [http-nio-8081-exec-4] DEBUG o.s.boot.web.filter.OrderedRequestContextFilter - Cleared thread-bound request context: org.apache.catalina.connector.RequestFacade@7faba102
2018-08-08 22:17:13.306 [http-nio-8081-exec-5] DEBUG o.s.boot.web.filter.OrderedRequestContextFilter - Bound request context to thread: org.apache.catalina.connector.RequestFacade@4450c743
2018-08-08 22:17:13.312 [http-nio-8081-exec-5] DEBUG o.s.boot.web.filter.OrderedRequestContextFilter - Cleared thread-bound request context: org.apache.catalina.connector.RequestFacade@4450c743
2018-08-08 22:19:08.748 [http-nio-8081-exec-8] DEBUG o.s.boot.web.filter.OrderedRequestContextFilter - Bound request context to thread: org.apache.catalina.connector.RequestFacade@4450c743
2018-08-08 22:19:08.976 [http-nio-8081-exec-8] DEBUG o.s.boot.web.filter.OrderedRequestContextFilter - Cleared thread-bound request context: org.apache.catalina.connector.RequestFacade@4450c743
2018-08-08 22:19:08.988 [http-nio-8081-exec-10] DEBUG o.s.boot.web.filter.OrderedRequestContextFilter - Bound request context to thread: org.apache.catalina.connector.RequestFacade@4450c743
2018-08-08 22:19:08.992 [http-nio-8081-exec-10] DEBUG o.s.boot.web.filter.OrderedRequestContextFilter - Cleared thread-bound request context: org.apache.catalina.connector.RequestFacade@4450c743
2018-08-08 22:19:29.187 [http-nio-8081-exec-2] DEBUG o.s.boot.web.filter.OrderedRequestContextFilter - Bound request context to thread: org.apache.catalina.connector.RequestFacade@4450c743
2018-08-08 22:19:29.192 [http-nio-8081-exec-2] DEBUG o.s.boot.web.filter.OrderedRequestContextFilter - Cleared thread-bound request context: org.apache.catalina.connector.RequestFacade@4450c743
2018-08-08 22:19:29.208 [http-nio-8081-exec-4] DEBUG o.s.boot.web.filter.OrderedRequestContextFilter - Bound request context to thread: org.apache.catalina.connector.RequestFacade@4450c743
2018-08-08 22:19:29.213 [http-nio-8081-exec-4] DEBUG o.s.boot.web.filter.OrderedRequestContextFilter - Cleared thread-bound request context: org.apache.catalina.connector.RequestFacade@4450c743
2018-08-08 22:19:29.215 [http-nio-8081-exec-5] DEBUG o.s.boot.web.filter.OrderedRequestContextFilter - Bound request context to thread: org.apache.catalina.connector.RequestFacade@4450c743
2018-08-08 22:19:29.217 [http-nio-8081-exec-5] DEBUG o.s.boot.web.filter.OrderedRequestContextFilter - Cleared thread-bound request context: org.apache.catalina.connector.RequestFacade@4450c743
2018-08-08 22:22:18.296 [http-nio-8081-exec-8] DEBUG o.s.boot.web.filter.OrderedRequestContextFilter - Bound request context to thread: org.apache.catalina.connector.RequestFacade@4450c743
2018-08-08 22:22:18.304 [http-nio-8081-exec-8] DEBUG o.s.boot.web.filter.OrderedRequestContextFilter - Cleared thread-bound request context: org.apache.catalina.connector.RequestFacade@4450c743
2018-08-08 22:22:18.317 [http-nio-8081-exec-10] DEBUG o.s.boot.web.filter.OrderedRequestContextFilter - Bound request context to thread: org.apache.catalina.connector.RequestFacade@4450c743
2018-08-08 22:22:18.318 [http-nio-8081-exec-1] DEBUG o.s.boot.web.filter.OrderedRequestContextFilter - Bound request context to thread: org.apache.catalina.connector.RequestFacade@7faba102
2018-08-08 22:22:18.321 [http-nio-8081-exec-10] DEBUG o.s.boot.web.filter.OrderedRequestContextFilter - Cleared thread-bound request context: org.apache.catalina.connector.RequestFacade@4450c743
2018-08-08 22:22:18.322 [http-nio-8081-exec-10] DEBUG o.s.boot.web.filter.OrderedRequestContextFilter - Bound request context to thread: org.apache.catalina.connector.RequestFacade@4450c743
2018-08-08 22:22:18.325 [http-nio-8081-exec-10] DEBUG o.s.boot.web.filter.OrderedRequestContextFilter - Cleared thread-bound request context: org.apache.catalina.connector.RequestFacade@4450c743
2018-08-08 22:22:18.332 [http-nio-8081-exec-1] DEBUG o.s.boot.web.filter.OrderedRequestContextFilter - Cleared thread-bound request context: org.apache.catalina.connector.RequestFacade@7faba102
2018-08-08 22:23:22.115 [http-nio-8081-exec-6] DEBUG o.s.boot.web.filter.OrderedRequestContextFilter - Bound request context to thread: org.apache.catalina.connector.RequestFacade@7faba102
2018-08-08 22:23:22.121 [http-nio-8081-exec-6] DEBUG o.s.boot.web.filter.OrderedRequestContextFilter - Cleared thread-bound request context: org.apache.catalina.connector.RequestFacade@7faba102
2018-08-08 22:23:22.150 [http-nio-8081-exec-7] DEBUG o.s.boot.web.filter.OrderedRequestContextFilter - Bound request context to thread: org.apache.catalina.connector.RequestFacade@7faba102
2018-08-08 22:23:22.150 [http-nio-8081-exec-9] DEBUG o.s.boot.web.filter.OrderedRequestContextFilter - Bound request context to thread: org.apache.catalina.connector.RequestFacade@4450c743
2018-08-08 22:23:22.151 [http-nio-8081-exec-7] DEBUG o.s.boot.web.filter.OrderedRequestContextFilter - Cleared thread-bound request context: org.apache.catalina.connector.RequestFacade@7faba102
2018-08-08 22:23:22.157 [http-nio-8081-exec-7] DEBUG o.s.boot.web.filter.OrderedRequestContextFilter - Bound request context to thread: org.apache.catalina.connector.RequestFacade@7faba102
2018-08-08 22:23:22.158 [http-nio-8081-exec-9] DEBUG o.s.boot.web.filter.OrderedRequestContextFilter - Cleared thread-bound request context: org.apache.catalina.connector.RequestFacade@4450c743
2018-08-08 22:23:22.161 [http-nio-8081-exec-7] DEBUG o.s.boot.web.filter.OrderedRequestContextFilter - Cleared thread-bound request context: org.apache.catalina.connector.RequestFacade@7faba102
2018-08-08 22:24:23.372 [http-nio-8081-exec-4] DEBUG o.s.boot.web.filter.OrderedRequestContextFilter - Bound request context to thread: org.apache.catalina.connector.RequestFacade@7faba102
2018-08-08 22:24:23.376 [http-nio-8081-exec-4] DEBUG o.s.boot.web.filter.OrderedRequestContextFilter - Cleared thread-bound request context: org.apache.catalina.connector.RequestFacade@7faba102
2018-08-08 22:24:23.404 [http-nio-8081-exec-5] DEBUG o.s.boot.web.filter.OrderedRequestContextFilter - Bound request context to thread: org.apache.catalina.connector.RequestFacade@7faba102
2018-08-08 22:24:23.421 [http-nio-8081-exec-5] DEBUG o.s.boot.web.filter.OrderedRequestContextFilter - Cleared thread-bound request context: org.apache.catalina.connector.RequestFacade@7faba102
2018-08-08 22:24:23.426 [http-nio-8081-exec-6] DEBUG o.s.boot.web.filter.OrderedRequestContextFilter - Bound request context to thread: org.apache.catalina.connector.RequestFacade@7faba102
2018-08-08 22:24:23.431 [http-nio-8081-exec-5] DEBUG o.s.boot.web.filter.OrderedRequestContextFilter - Bound request context to thread: org.apache.catalina.connector.RequestFacade@4450c743
2018-08-08 22:24:23.436 [http-nio-8081-exec-6] DEBUG o.s.boot.web.filter.OrderedRequestContextFilter - Cleared thread-bound request context: org.apache.catalina.connector.RequestFacade@7faba102
2018-08-08 22:24:23.446 [http-nio-8081-exec-5] DEBUG o.s.boot.web.filter.OrderedRequestContextFilter - Cleared thread-bound request context: org.apache.catalina.connector.RequestFacade@4450c743
2018-08-08 22:24:43.314 [http-nio-8081-exec-7] DEBUG o.s.boot.web.filter.OrderedRequestContextFilter - Bound request context to thread: org.apache.catalina.connector.RequestFacade@4450c743
2018-08-08 22:24:43.320 [http-nio-8081-exec-7] DEBUG o.s.boot.web.filter.OrderedRequestContextFilter - Cleared thread-bound request context: org.apache.catalina.connector.RequestFacade@4450c743
2018-08-08 22:24:43.337 [http-nio-8081-exec-10] DEBUG o.s.boot.web.filter.OrderedRequestContextFilter - Bound request context to thread: org.apache.catalina.connector.RequestFacade@4450c743
2018-08-08 22:24:43.338 [http-nio-8081-exec-10] DEBUG o.s.boot.web.filter.OrderedRequestContextFilter - Cleared thread-bound request context: org.apache.catalina.connector.RequestFacade@4450c743
2018-08-08 22:24:43.340 [http-nio-8081-exec-10] DEBUG o.s.boot.web.filter.OrderedRequestContextFilter - Bound request context to thread: org.apache.catalina.connector.RequestFacade@4450c743
2018-08-08 22:24:43.341 [http-nio-8081-exec-10] DEBUG o.s.boot.web.filter.OrderedRequestContextFilter - Cleared thread-bound request context: org.apache.catalina.connector.RequestFacade@4450c743
2018-08-08 22:24:43.342 [http-nio-8081-exec-2] DEBUG o.s.boot.web.filter.OrderedRequestContextFilter - Bound request context to thread: org.apache.catalina.connector.RequestFacade@4450c743
2018-08-08 22:24:43.344 [http-nio-8081-exec-2] DEBUG o.s.boot.web.filter.OrderedRequestContextFilter - Cleared thread-bound request context: org.apache.catalina.connector.RequestFacade@4450c743
2018-08-08 22:26:10.217 [http-nio-8081-exec-8] DEBUG o.s.boot.web.filter.OrderedRequestContextFilter - Bound request context to thread: org.apache.catalina.connector.RequestFacade@4450c743
2018-08-08 22:26:10.227 [http-nio-8081-exec-8] DEBUG o.s.boot.web.filter.OrderedRequestContextFilter - Cleared thread-bound request context: org.apache.catalina.connector.RequestFacade@4450c743
2018-08-08 22:26:10.248 [http-nio-8081-exec-9] DEBUG o.s.boot.web.filter.OrderedRequestContextFilter - Bound request context to thread: org.apache.catalina.connector.RequestFacade@4450c743
2018-08-08 22:26:10.250 [http-nio-8081-exec-9] DEBUG o.s.boot.web.filter.OrderedRequestContextFilter - Cleared thread-bound request context: org.apache.catalina.connector.RequestFacade@4450c743
2018-08-08 22:26:10.252 [http-nio-8081-exec-9] DEBUG o.s.boot.web.filter.OrderedRequestContextFilter - Bound request context to thread: org.apache.catalina.connector.RequestFacade@4450c743
2018-08-08 22:26:10.253 [http-nio-8081-exec-9] DEBUG o.s.boot.web.filter.OrderedRequestContextFilter - Cleared thread-bound request context: org.apache.catalina.connector.RequestFacade@4450c743
2018-08-08 22:26:10.255 [http-nio-8081-exec-9] DEBUG o.s.boot.web.filter.OrderedRequestContextFilter - Bound request context to thread: org.apache.catalina.connector.RequestFacade@4450c743
2018-08-08 22:26:10.257 [http-nio-8081-exec-9] DEBUG o.s.boot.web.filter.OrderedRequestContextFilter - Cleared thread-bound request context: org.apache.catalina.connector.RequestFacade@4450c743
2018-08-08 22:28:18.674 [http-nio-8081-exec-6] DEBUG o.s.boot.web.filter.OrderedRequestContextFilter - Bound request context to thread: org.apache.catalina.connector.RequestFacade@4450c743
2018-08-08 22:28:18.678 [http-nio-8081-exec-6] DEBUG o.s.boot.web.filter.OrderedRequestContextFilter - Cleared thread-bound request context: org.apache.catalina.connector.RequestFacade@4450c743
2018-08-08 22:28:18.694 [http-nio-8081-exec-5] DEBUG o.s.boot.web.filter.OrderedRequestContextFilter - Bound request context to thread: org.apache.catalina.connector.RequestFacade@4450c743
2018-08-08 22:28:18.697 [http-nio-8081-exec-5] DEBUG o.s.boot.web.filter.OrderedRequestContextFilter - Cleared thread-bound request context: org.apache.catalina.connector.RequestFacade@4450c743
2018-08-08 22:28:18.699 [http-nio-8081-exec-5] DEBUG o.s.boot.web.filter.OrderedRequestContextFilter - Bound request context to thread: org.apache.catalina.connector.RequestFacade@4450c743
2018-08-08 22:28:18.700 [http-nio-8081-exec-5] DEBUG o.s.boot.web.filter.OrderedRequestContextFilter - Cleared thread-bound request context: org.apache.catalina.connector.RequestFacade@4450c743
2018-08-08 22:28:18.702 [http-nio-8081-exec-5] DEBUG o.s.boot.web.filter.OrderedRequestContextFilter - Bound request context to thread: org.apache.catalina.connector.RequestFacade@4450c743
2018-08-08 22:28:18.709 [http-nio-8081-exec-5] DEBUG o.s.boot.web.filter.OrderedRequestContextFilter - Cleared thread-bound request context: org.apache.catalina.connector.RequestFacade@4450c743
2018-08-08 22:28:20.550 [http-nio-8081-exec-7] DEBUG o.s.boot.web.filter.OrderedRequestContextFilter - Bound request context to thread: org.apache.catalina.connector.RequestFacade@4450c743
2018-08-08 22:28:20.556 [http-nio-8081-exec-7] DEBUG o.s.boot.web.filter.OrderedRequestContextFilter - Cleared thread-bound request context: org.apache.catalina.connector.RequestFacade@4450c743
2018-08-08 22:28:20.571 [http-nio-8081-exec-1] DEBUG o.s.boot.web.filter.OrderedRequestContextFilter - Bound request context to thread: org.apache.catalina.connector.RequestFacade@4450c743
2018-08-08 22:28:20.572 [http-nio-8081-exec-1] DEBUG o.s.boot.web.filter.OrderedRequestContextFilter - Cleared thread-bound request context: org.apache.catalina.connector.RequestFacade@4450c743
2018-08-08 22:28:20.572 [http-nio-8081-exec-10] DEBUG o.s.boot.web.filter.OrderedRequestContextFilter - Bound request context to thread: org.apache.catalina.connector.RequestFacade@7faba102
2018-08-08 22:28:20.574 [http-nio-8081-exec-10] DEBUG o.s.boot.web.filter.OrderedRequestContextFilter - Cleared thread-bound request context: org.apache.catalina.connector.RequestFacade@7faba102
2018-08-08 22:28:20.821 [http-nio-8081-exec-2] DEBUG o.s.boot.web.filter.OrderedRequestContextFilter - Bound request context to thread: org.apache.catalina.connector.RequestFacade@7faba102
2018-08-08 22:28:20.824 [http-nio-8081-exec-2] DEBUG o.s.boot.web.filter.OrderedRequestContextFilter - Cleared thread-bound request context: org.apache.catalina.connector.RequestFacade@7faba102
2018-08-08 22:28:20.835 [http-nio-8081-exec-3] DEBUG o.s.boot.web.filter.OrderedRequestContextFilter - Bound request context to thread: org.apache.catalina.connector.RequestFacade@7faba102
2018-08-08 22:28:20.837 [http-nio-8081-exec-3] DEBUG o.s.boot.web.filter.OrderedRequestContextFilter - Cleared thread-bound request context: org.apache.catalina.connector.RequestFacade@7faba102
2018-08-08 22:28:21.012 [http-nio-8081-exec-4] DEBUG o.s.boot.web.filter.OrderedRequestContextFilter - Bound request context to thread: org.apache.catalina.connector.RequestFacade@7faba102
2018-08-08 22:28:21.018 [http-nio-8081-exec-4] DEBUG o.s.boot.web.filter.OrderedRequestContextFilter - Cleared thread-bound request context: org.apache.catalina.connector.RequestFacade@7faba102
2018-08-08 22:28:21.029 [http-nio-8081-exec-6] DEBUG o.s.boot.web.filter.OrderedRequestContextFilter - Bound request context to thread: org.apache.catalina.connector.RequestFacade@7faba102
2018-08-08 22:28:21.032 [http-nio-8081-exec-6] DEBUG o.s.boot.web.filter.OrderedRequestContextFilter - Cleared thread-bound request context: org.apache.catalina.connector.RequestFacade@7faba102
2018-08-08 22:28:29.030 [http-nio-8081-exec-8] DEBUG o.s.boot.web.filter.OrderedRequestContextFilter - Bound request context to thread: org.apache.catalina.connector.RequestFacade@7faba102
2018-08-08 22:28:29.034 [http-nio-8081-exec-8] DEBUG o.s.boot.web.filter.OrderedRequestContextFilter - Cleared thread-bound request context: org.apache.catalina.connector.RequestFacade@7faba102
2018-08-08 22:28:29.050 [http-nio-8081-exec-9] DEBUG o.s.boot.web.filter.OrderedRequestContextFilter - Bound request context to thread: org.apache.catalina.connector.RequestFacade@7faba102
2018-08-08 22:28:29.052 [http-nio-8081-exec-7] DEBUG o.s.boot.web.filter.OrderedRequestContextFilter - Bound request context to thread: org.apache.catalina.connector.RequestFacade@4450c743
2018-08-08 22:28:29.052 [http-nio-8081-exec-9] DEBUG o.s.boot.web.filter.OrderedRequestContextFilter - Cleared thread-bound request context: org.apache.catalina.connector.RequestFacade@7faba102
2018-08-08 22:28:29.059 [http-nio-8081-exec-7] DEBUG o.s.boot.web.filter.OrderedRequestContextFilter - Cleared thread-bound request context: org.apache.catalina.connector.RequestFacade@4450c743
2018-08-08 22:28:30.857 [http-nio-8081-exec-1] DEBUG o.s.boot.web.filter.OrderedRequestContextFilter - Bound request context to thread: org.apache.catalina.connector.RequestFacade@4450c743
2018-08-08 22:28:30.860 [http-nio-8081-exec-1] DEBUG o.s.boot.web.filter.OrderedRequestContextFilter - Cleared thread-bound request context: org.apache.catalina.connector.RequestFacade@4450c743
2018-08-08 22:28:30.882 [http-nio-8081-exec-10] DEBUG o.s.boot.web.filter.OrderedRequestContextFilter - Bound request context to thread: org.apache.catalina.connector.RequestFacade@4450c743
2018-08-08 22:28:30.885 [http-nio-8081-exec-10] DEBUG o.s.boot.web.filter.OrderedRequestContextFilter - Cleared thread-bound request context: org.apache.catalina.connector.RequestFacade@4450c743
2018-08-08 22:28:30.886 [http-nio-8081-exec-10] DEBUG o.s.boot.web.filter.OrderedRequestContextFilter - Bound request context to thread: org.apache.catalina.connector.RequestFacade@4450c743
2018-08-08 22:28:30.891 [http-nio-8081-exec-10] DEBUG o.s.boot.web.filter.OrderedRequestContextFilter - Cleared thread-bound request context: org.apache.catalina.connector.RequestFacade@4450c743
2018-08-08 22:28:30.895 [http-nio-8081-exec-10] DEBUG o.s.boot.web.filter.OrderedRequestContextFilter - Bound request context to thread: org.apache.catalina.connector.RequestFacade@4450c743
2018-08-08 22:28:30.896 [http-nio-8081-exec-10] DEBUG o.s.boot.web.filter.OrderedRequestContextFilter - Cleared thread-bound request context: org.apache.catalina.connector.RequestFacade@4450c743
2018-08-08 22:37:31.627 [http-nio-8081-exec-8] DEBUG o.s.boot.web.filter.OrderedRequestContextFilter - Bound request context to thread: org.apache.catalina.connector.RequestFacade@4450c743
2018-08-08 22:37:31.633 [http-nio-8081-exec-8] DEBUG o.s.boot.web.filter.OrderedRequestContextFilter - Cleared thread-bound request context: org.apache.catalina.connector.RequestFacade@4450c743
2018-08-08 22:37:31.650 [http-nio-8081-exec-9] DEBUG o.s.boot.web.filter.OrderedRequestContextFilter - Bound request context to thread: org.apache.catalina.connector.RequestFacade@4450c743
2018-08-08 22:37:31.652 [http-nio-8081-exec-9] DEBUG o.s.boot.web.filter.OrderedRequestContextFilter - Cleared thread-bound request context: org.apache.catalina.connector.RequestFacade@4450c743
2018-08-08 22:37:31.654 [http-nio-8081-exec-9] DEBUG o.s.boot.web.filter.OrderedRequestContextFilter - Bound request context to thread: org.apache.catalina.connector.RequestFacade@4450c743
2018-08-08 22:37:31.656 [http-nio-8081-exec-9] DEBUG o.s.boot.web.filter.OrderedRequestContextFilter - Cleared thread-bound request context: org.apache.catalina.connector.RequestFacade@4450c743
2018-08-08 22:37:31.659 [http-nio-8081-exec-7] DEBUG o.s.boot.web.filter.OrderedRequestContextFilter - Bound request context to thread: org.apache.catalina.connector.RequestFacade@7faba102
2018-08-08 22:37:31.662 [http-nio-8081-exec-7] DEBUG o.s.boot.web.filter.OrderedRequestContextFilter - Cleared thread-bound request context: org.apache.catalina.connector.RequestFacade@7faba102
2018-08-08 22:37:34.093 [http-nio-8081-exec-2] DEBUG o.s.boot.web.filter.OrderedRequestContextFilter - Bound request context to thread: org.apache.catalina.connector.RequestFacade@7faba102
2018-08-08 22:37:34.096 [http-nio-8081-exec-2] DEBUG o.s.boot.web.filter.OrderedRequestContextFilter - Cleared thread-bound request context: org.apache.catalina.connector.RequestFacade@7faba102
2018-08-08 22:37:34.110 [http-nio-8081-exec-10] DEBUG o.s.boot.web.filter.OrderedRequestContextFilter - Bound request context to thread: org.apache.catalina.connector.RequestFacade@7faba102
2018-08-08 22:37:34.122 [http-nio-8081-exec-10] DEBUG o.s.boot.web.filter.OrderedRequestContextFilter - Cleared thread-bound request context: org.apache.catalina.connector.RequestFacade@7faba102
2018-08-08 22:37:34.148 [http-nio-8081-exec-3] DEBUG o.s.boot.web.filter.OrderedRequestContextFilter - Bound request context to thread: org.apache.catalina.connector.RequestFacade@7faba102
2018-08-08 22:37:34.150 [http-nio-8081-exec-3] DEBUG o.s.boot.web.filter.OrderedRequestContextFilter - Cleared thread-bound request context: org.apache.catalina.connector.RequestFacade@7faba102
2018-08-08 22:37:34.307 [http-nio-8081-exec-4] DEBUG o.s.boot.web.filter.OrderedRequestContextFilter - Bound request context to thread: org.apache.catalina.connector.RequestFacade@7faba102
2018-08-08 22:37:34.312 [http-nio-8081-exec-4] DEBUG o.s.boot.web.filter.OrderedRequestContextFilter - Cleared thread-bound request context: org.apache.catalina.connector.RequestFacade@7faba102
2018-08-08 22:37:34.510 [http-nio-8081-exec-6] DEBUG o.s.boot.web.filter.OrderedRequestContextFilter - Bound request context to thread: org.apache.catalina.connector.RequestFacade@7faba102
2018-08-08 22:37:34.513 [http-nio-8081-exec-6] DEBUG o.s.boot.web.filter.OrderedRequestContextFilter - Cleared thread-bound request context: org.apache.catalina.connector.RequestFacade@7faba102
2018-08-08 22:38:03.911 [http-nio-8081-exec-8] DEBUG o.s.boot.web.filter.OrderedRequestContextFilter - Bound request context to thread: org.apache.catalina.connector.RequestFacade@7faba102
2018-08-08 22:38:03.915 [http-nio-8081-exec-8] DEBUG o.s.boot.web.filter.OrderedRequestContextFilter - Cleared thread-bound request context: org.apache.catalina.connector.RequestFacade@7faba102
2018-08-08 22:38:03.931 [http-nio-8081-exec-1] DEBUG o.s.boot.web.filter.OrderedRequestContextFilter - Bound request context to thread: org.apache.catalina.connector.RequestFacade@7faba102
2018-08-08 22:38:03.932 [http-nio-8081-exec-9] DEBUG o.s.boot.web.filter.OrderedRequestContextFilter - Bound request context to thread: org.apache.catalina.connector.RequestFacade@4450c743
2018-08-08 22:38:03.932 [http-nio-8081-exec-1] DEBUG o.s.boot.web.filter.OrderedRequestContextFilter - Cleared thread-bound request context: org.apache.catalina.connector.RequestFacade@7faba102
2018-08-08 22:38:03.935 [http-nio-8081-exec-9] DEBUG o.s.boot.web.filter.OrderedRequestContextFilter - Cleared thread-bound request context: org.apache.catalina.connector.RequestFacade@4450c743
2018-08-08 22:38:06.882 [http-nio-8081-exec-7] DEBUG o.s.boot.web.filter.OrderedRequestContextFilter - Bound request context to thread: org.apache.catalina.connector.RequestFacade@4450c743
2018-08-08 22:38:06.887 [http-nio-8081-exec-7] DEBUG o.s.boot.web.filter.OrderedRequestContextFilter - Cleared thread-bound request context: org.apache.catalina.connector.RequestFacade@4450c743
2018-08-08 22:38:06.905 [http-nio-8081-exec-2] DEBUG o.s.boot.web.filter.OrderedRequestContextFilter - Bound request context to thread: org.apache.catalina.connector.RequestFacade@4450c743
2018-08-08 22:38:06.908 [http-nio-8081-exec-2] DEBUG o.s.boot.web.filter.OrderedRequestContextFilter - Cleared thread-bound request context: org.apache.catalina.connector.RequestFacade@4450c743
2018-08-08 22:38:06.909 [http-nio-8081-exec-2] DEBUG o.s.boot.web.filter.OrderedRequestContextFilter - Bound request context to thread: org.apache.catalina.connector.RequestFacade@4450c743
2018-08-08 22:38:06.916 [http-nio-8081-exec-10] DEBUG o.s.boot.web.filter.OrderedRequestContextFilter - Bound request context to thread: org.apache.catalina.connector.RequestFacade@7faba102
2018-08-08 22:38:06.920 [http-nio-8081-exec-10] DEBUG o.s.boot.web.filter.OrderedRequestContextFilter - Cleared thread-bound request context: org.apache.catalina.connector.RequestFacade@7faba102
2018-08-08 22:38:06.925 [http-nio-8081-exec-2] DEBUG o.s.boot.web.filter.OrderedRequestContextFilter - Cleared thread-bound request context: org.apache.catalina.connector.RequestFacade@4450c743
2018-08-08 22:38:07.051 [http-nio-8081-exec-4] DEBUG o.s.boot.web.filter.OrderedRequestContextFilter - Bound request context to thread: org.apache.catalina.connector.RequestFacade@4450c743
2018-08-08 22:38:07.055 [http-nio-8081-exec-4] DEBUG o.s.boot.web.filter.OrderedRequestContextFilter - Cleared thread-bound request context: org.apache.catalina.connector.RequestFacade@4450c743
2018-08-08 22:38:07.077 [http-nio-8081-exec-6] DEBUG o.s.boot.web.filter.OrderedRequestContextFilter - Bound request context to thread: org.apache.catalina.connector.RequestFacade@4450c743
2018-08-08 22:38:07.079 [http-nio-8081-exec-5] DEBUG o.s.boot.web.filter.OrderedRequestContextFilter - Bound request context to thread: org.apache.catalina.connector.RequestFacade@7faba102
2018-08-08 22:38:07.079 [http-nio-8081-exec-8] DEBUG o.s.boot.web.filter.OrderedRequestContextFilter - Bound request context to thread: org.apache.catalina.connector.RequestFacade@6bea5372
2018-08-08 22:38:07.084 [http-nio-8081-exec-5] DEBUG o.s.boot.web.filter.OrderedRequestContextFilter - Cleared thread-bound request context: org.apache.catalina.connector.RequestFacade@7faba102
2018-08-08 22:38:07.095 [http-nio-8081-exec-8] DEBUG o.s.boot.web.filter.OrderedRequestContextFilter - Cleared thread-bound request context: org.apache.catalina.connector.RequestFacade@6bea5372
2018-08-08 22:38:07.101 [http-nio-8081-exec-6] DEBUG o.s.boot.web.filter.OrderedRequestContextFilter - Cleared thread-bound request context: org.apache.catalina.connector.RequestFacade@4450c743
2018-08-08 22:39:35.972 [http-nio-8081-exec-3] DEBUG o.s.boot.web.filter.OrderedRequestContextFilter - Bound request context to thread: org.apache.catalina.connector.RequestFacade@4450c743
2018-08-08 22:39:35.983 [http-nio-8081-exec-3] DEBUG o.s.boot.web.filter.OrderedRequestContextFilter - Cleared thread-bound request context: org.apache.catalina.connector.RequestFacade@4450c743
2018-08-08 22:39:35.998 [http-nio-8081-exec-4] DEBUG o.s.boot.web.filter.OrderedRequestContextFilter - Bound request context to thread: org.apache.catalina.connector.RequestFacade@6bea5372
2018-08-08 22:39:35.998 [http-nio-8081-exec-10] DEBUG o.s.boot.web.filter.OrderedRequestContextFilter - Bound request context to thread: org.apache.catalina.connector.RequestFacade@4450c743
2018-08-08 22:39:36.001 [http-nio-8081-exec-4] DEBUG o.s.boot.web.filter.OrderedRequestContextFilter - Cleared thread-bound request context: org.apache.catalina.connector.RequestFacade@6bea5372
2018-08-08 22:39:36.005 [http-nio-8081-exec-2] DEBUG o.s.boot.web.filter.OrderedRequestContextFilter - Bound request context to thread: org.apache.catalina.connector.RequestFacade@7faba102
2018-08-08 22:39:36.018 [http-nio-8081-exec-2] DEBUG o.s.boot.web.filter.OrderedRequestContextFilter - Cleared thread-bound request context: org.apache.catalina.connector.RequestFacade@7faba102
2018-08-08 22:39:36.023 [http-nio-8081-exec-10] DEBUG o.s.boot.web.filter.OrderedRequestContextFilter - Cleared thread-bound request context: org.apache.catalina.connector.RequestFacade@4450c743
2018-08-08 22:42:49.968 [http-nio-8081-exec-9] DEBUG o.s.boot.web.filter.OrderedRequestContextFilter - Bound request context to thread: org.apache.catalina.connector.RequestFacade@4450c743
2018-08-08 22:42:49.973 [http-nio-8081-exec-9] DEBUG o.s.boot.web.filter.OrderedRequestContextFilter - Cleared thread-bound request context: org.apache.catalina.connector.RequestFacade@4450c743
2018-08-08 22:42:49.986 [http-nio-8081-exec-3] DEBUG o.s.boot.web.filter.OrderedRequestContextFilter - Bound request context to thread: org.apache.catalina.connector.RequestFacade@4450c743
2018-08-08 22:42:49.986 [http-nio-8081-exec-7] DEBUG o.s.boot.web.filter.OrderedRequestContextFilter - Bound request context to thread: org.apache.catalina.connector.RequestFacade@7faba102
2018-08-08 22:42:49.987 [http-nio-8081-exec-3] DEBUG o.s.boot.web.filter.OrderedRequestContextFilter - Cleared thread-bound request context: org.apache.catalina.connector.RequestFacade@4450c743
2018-08-08 22:42:49.988 [http-nio-8081-exec-7] DEBUG o.s.boot.web.filter.OrderedRequestContextFilter - Cleared thread-bound request context: org.apache.catalina.connector.RequestFacade@7faba102
2018-08-08 22:42:49.988 [http-nio-8081-exec-3] DEBUG o.s.boot.web.filter.OrderedRequestContextFilter - Bound request context to thread: org.apache.catalina.connector.RequestFacade@4450c743
2018-08-08 22:42:49.991 [http-nio-8081-exec-3] DEBUG o.s.boot.web.filter.OrderedRequestContextFilter - Cleared thread-bound request context: org.apache.catalina.connector.RequestFacade@4450c743
2018-08-08 22:43:26.805 [http-nio-8081-exec-10] DEBUG o.s.boot.web.filter.OrderedRequestContextFilter - Bound request context to thread: org.apache.catalina.connector.RequestFacade@7faba102
2018-08-08 22:43:26.818 [http-nio-8081-exec-10] DEBUG o.s.boot.web.filter.OrderedRequestContextFilter - Cleared thread-bound request context: org.apache.catalina.connector.RequestFacade@7faba102
2018-08-08 22:43:26.832 [http-nio-8081-exec-5] DEBUG o.s.boot.web.filter.OrderedRequestContextFilter - Bound request context to thread: org.apache.catalina.connector.RequestFacade@7faba102
2018-08-08 22:43:26.833 [http-nio-8081-exec-8] DEBUG o.s.boot.web.filter.OrderedRequestContextFilter - Bound request context to thread: org.apache.catalina.connector.RequestFacade@4450c743
2018-08-08 22:43:26.836 [http-nio-8081-exec-8] DEBUG o.s.boot.web.filter.OrderedRequestContextFilter - Cleared thread-bound request context: org.apache.catalina.connector.RequestFacade@4450c743
2018-08-08 22:43:26.837 [http-nio-8081-exec-5] DEBUG o.s.boot.web.filter.OrderedRequestContextFilter - Cleared thread-bound request context: org.apache.catalina.connector.RequestFacade@7faba102
2018-08-08 22:43:31.207 [http-nio-8081-exec-6] DEBUG o.s.boot.web.filter.OrderedRequestContextFilter - Bound request context to thread: org.apache.catalina.connector.RequestFacade@7faba102
2018-08-08 22:43:31.211 [http-nio-8081-exec-6] DEBUG o.s.boot.web.filter.OrderedRequestContextFilter - Cleared thread-bound request context: org.apache.catalina.connector.RequestFacade@7faba102
2018-08-08 22:43:31.229 [http-nio-8081-exec-1] DEBUG o.s.boot.web.filter.OrderedRequestContextFilter - Bound request context to thread: org.apache.catalina.connector.RequestFacade@7faba102
2018-08-08 22:43:31.230 [http-nio-8081-exec-1] DEBUG o.s.boot.web.filter.OrderedRequestContextFilter - Cleared thread-bound request context: org.apache.catalina.connector.RequestFacade@7faba102
2018-08-08 22:43:31.241 [http-nio-8081-exec-9] DEBUG o.s.boot.web.filter.OrderedRequestContextFilter - Bound request context to thread: org.apache.catalina.connector.RequestFacade@7faba102
2018-08-08 22:43:31.247 [http-nio-8081-exec-9] DEBUG o.s.boot.web.filter.OrderedRequestContextFilter - Cleared thread-bound request context: org.apache.catalina.connector.RequestFacade@7faba102
2018-08-08 22:43:46.183 [http-nio-8081-exec-4] DEBUG o.s.boot.web.filter.OrderedRequestContextFilter - Bound request context to thread: org.apache.catalina.connector.RequestFacade@7faba102
2018-08-08 22:43:46.186 [http-nio-8081-exec-4] DEBUG o.s.boot.web.filter.OrderedRequestContextFilter - Cleared thread-bound request context: org.apache.catalina.connector.RequestFacade@7faba102
2018-08-08 22:43:46.202 [http-nio-8081-exec-2] DEBUG o.s.boot.web.filter.OrderedRequestContextFilter - Bound request context to thread: org.apache.catalina.connector.RequestFacade@4450c743
2018-08-08 22:43:46.202 [http-nio-8081-exec-7] DEBUG o.s.boot.web.filter.OrderedRequestContextFilter - Bound request context to thread: org.apache.catalina.connector.RequestFacade@7faba102
2018-08-08 22:43:46.203 [http-nio-8081-exec-7] DEBUG o.s.boot.web.filter.OrderedRequestContextFilter - Cleared thread-bound request context: org.apache.catalina.connector.RequestFacade@7faba102
2018-08-08 22:43:46.204 [http-nio-8081-exec-2] DEBUG o.s.boot.web.filter.OrderedRequestContextFilter - Cleared thread-bound request context: org.apache.catalina.connector.RequestFacade@4450c743
